<?xml version="1.0" encoding="UTF-8"?>
<!-- Generated by org.testng.reporters.JUnitXMLReporter -->
<testsuite ignored="0" hostname="DESKTOP-BJUOH0O" failures="0" tests="5" name="Default test" time="55.722" errors="0" timestamp="2026-05-20T00:38:27 IST">
  <testcase classname="week1.LoginPageDDTest2" name="loginWithValid" time="2.528"/>
  <testcase classname="week1.LoginPageDDTest2" name="loginWithValid" time="3.071"/>
  <testcase classname="week1.LoginPageDDTest2" name="loginWithValid" time="1.175"/>
  <testcase classname="week1.LoginPageDDTest2" name="loginWithValid" time="3.411"/>
  <testcase classname="week1.LoginPageDDTest2" name="loginWithValid" time="1.173"/>
</testsuite> <!-- Default test -->
