<?xml version="1.0" encoding="UTF-8"?>
<!-- Generated by org.testng.reporters.JUnitXMLReporter -->
<testsuite ignored="2" hostname="DESKTOP-BJUOH0O" failures="0" tests="1" name="Default test" time="33.191" errors="0" timestamp="2026-05-08T02:16:22 IST">
  <testcase classname="week1.HappyPath" name="test2" time="11.738"/>
  <testcase classname="week1.HappyPath" name="test1" time="0.0">
    <ignored/>
  </testcase> <!-- test1 -->
  <testcase classname="week1.HappyPath" name="test3" time="0.0">
    <ignored/>
  </testcase> <!-- test3 -->
</testsuite> <!-- Default test -->
