<?xml version="1.0" encoding="UTF-8"?>
<!-- Generated by org.testng.reporters.JUnitXMLReporter -->
<testsuite ignored="1" hostname="DESKTOP-BJUOH0O" failures="0" tests="2" name="Regression Tests" time="74.339" errors="0" timestamp="2026-05-02T03:14:07 IST">
  <testcase classname="week1.HappyPath" name="test2" time="13.017"/>
  <testcase classname="week1.HappyPath" name="test3" time="18.513"/>
  <testcase classname="week1.HappyPath" name="test1" time="0.0">
    <ignored/>
  </testcase> <!-- test1 -->
</testsuite> <!-- Regression Tests -->
