<?xml version="1.0" encoding="UTF-8"?>
<testng-results ignored="0" total="1" passed="1" failed="0" skipped="0">
  <reporter-output>
  </reporter-output>
  <suite started-at="2026-05-15T19:08:17 IST" name="Default suite" finished-at="2026-05-15T19:09:09 IST" duration-ms="51442">
    <groups>
    </groups>
    <test started-at="2026-05-15T19:08:17 IST" name="Default test" finished-at="2026-05-15T19:09:09 IST" duration-ms="51442">
      <class name="week1.LoginDataProviderTest">
        <test-method is-config="true" signature="setupReport()[pri:0, instance:week1.LoginDataProviderTest@15de0b3c]" started-at="2026-05-15T19:08:15 IST" name="setupReport" finished-at="2026-05-15T19:08:17 IST" duration-ms="2174" status="PASS">
          <reporter-output>
          </reporter-output>
        </test-method> <!-- setupReport -->
        <test-method is-config="true" signature="setUp()[pri:0, instance:week1.LoginDataProviderTest@15de0b3c]" started-at="2026-05-15T19:08:18 IST" name="setUp" finished-at="2026-05-15T19:09:06 IST" duration-ms="48330" status="PASS">
          <reporter-output>
          </reporter-output>
        </test-method> <!-- setUp -->
        <test-method signature="login(java.lang.String,java.lang.String)[pri:0, instance:week1.LoginDataProviderTest@15de0b3c]" started-at="2026-05-15T19:09:06 IST" name="login" data-provider="getData" finished-at="2026-05-15T19:09:08 IST" duration-ms="2131" status="PASS">
          <params>
            <param index="0">
              <value>
                <![CDATA[Admin]]>
              </value>
            </param>
            <param index="1">
              <value>
                <![CDATA[admin123]]>
              </value>
            </param>
          </params>
          <reporter-output>
          </reporter-output>
        </test-method> <!-- login -->
        <test-method is-config="true" signature="teardown(org.testng.ITestResult)[pri:0, instance:week1.LoginDataProviderTest@15de0b3c]" started-at="2026-05-15T19:09:08 IST" name="teardown" finished-at="2026-05-15T19:09:09 IST" duration-ms="748" status="PASS">
          <params>
            <param index="0">
              <value>
                <![CDATA[[TestResult name=login status=SUCCESS method=LoginDataProviderTest.login(java.lang.String,java.lang.String)[pri:0, instance:week1.LoginDataProviderTest@15de0b3c] output={null}]]]>
              </value>
            </param>
          </params>
          <reporter-output>
          </reporter-output>
        </test-method> <!-- teardown -->
        <test-method is-config="true" signature="teardownReport()[pri:0, instance:week1.LoginDataProviderTest@15de0b3c]" started-at="2026-05-15T19:09:09 IST" name="teardownReport" finished-at="2026-05-15T19:09:11 IST" duration-ms="1640" status="PASS">
          <reporter-output>
          </reporter-output>
        </test-method> <!-- teardownReport -->
      </class> <!-- week1.LoginDataProviderTest -->
    </test> <!-- Default test -->
  </suite> <!-- Default suite -->
</testng-results>
