<?xml version="1.0" encoding="UTF-8"?>
<!-- Generated by org.testng.reporters.JUnitReportReporter -->
<testsuite hostname="DESKTOP-BJUOH0O" failures="0" tests="3" name="week1.HappyPath" time="57.013" errors="0" timestamp="2026-05-08T02:25:02 IST" skipped="0">
  <testcase classname="week1.HappyPath" name="test1" time="12.472"/>
  <testcase classname="week1.HappyPath" name="test2" time="19.379"/>
  <testcase classname="week1.HappyPath" name="test3" time="25.162"/>
</testsuite> <!-- week1.HappyPath -->
