<?xml version="1.0" encoding="UTF-8"?>
<!-- Generated by org.testng.reporters.JUnitReportReporter -->
<testsuite hostname="DESKTOP-BJUOH0O" failures="0" tests="5" name="week1.LoginPageDDTest2" time="54.362" errors="0" timestamp="2026-05-20T00:38:28 IST" skipped="0">
  <testcase classname="week1.LoginPageDDTest2" name="loginWithValid" time="5.714"/>
  <testcase classname="week1.LoginPageDDTest2" name="loginWithValid" time="14.746"/>
  <testcase classname="week1.LoginPageDDTest2" name="loginWithValid" time="8.270"/>
  <testcase classname="week1.LoginPageDDTest2" name="loginWithValid" time="10.918"/>
  <testcase classname="week1.LoginPageDDTest2" name="loginWithValid" time="14.714"/>
</testsuite> <!-- week1.LoginPageDDTest2 -->
